<?xml version="1.0" encoding="UTF-8"?>
<!-- Generated by org.testng.reporters.JUnitXMLReporter -->
<testsuite ignored="0" hostname="DESKTOP-PTK79Q3" failures="1" tests="4" name="LoginTest" time="34.587" errors="0" timestamp="2020-04-03T19:20:24 OMST">
  <testcase classname="com.bitm.OrangeHRMAutomation.Test.LoginTest" name="checkloginpagetitle" time="23.278"/>
  <testcase classname="com.bitm.OrangeHRMAutomation.Test.LoginTest" name="logintest" time="9.95"/>
  <testcase classname="com.bitm.OrangeHRMAutomation.Test.LeaveListTest" name="CheckFlightFinderTitle" time="0.135"/>
  <testcase classname="com.bitm.OrangeHRMAutomation.Test.LeaveListTest" name="logintest" time="0.0">
    <failure type="org.testng.TestNGException" message="
Method public void com.bitm.OrangeHRMAutomation.Test.LeaveListTest.logintest(java.util.List) requires a @DataProvider named : leavelistData in class com.bitm.OrangeHRMAutomation.Provider.LeaveListProvider">
      <![CDATA[org.testng.TestNGException: 
Method public void com.bitm.OrangeHRMAutomation.Test.LeaveListTest.logintest(java.util.List) requires a @DataProvider named : leavelistData in class com.bitm.OrangeHRMAutomation.Provider.LeaveListProvider
at java.base/java.util.ArrayList.forEach(ArrayList.java:1507)
... Removed 24 stack frames]]>
    </failure>
  </testcase> <!-- logintest -->
</testsuite> <!-- LoginTest -->
