<?xml version="1.0" encoding="UTF-8"?>
<!-- Generated by org.testng.reporters.JUnitXMLReporter -->
<testsuite ignored="0" hostname="DESKTOP-PTK79Q3" failures="0" tests="2" name="Login Test" time="53.871" errors="0" timestamp="2020-04-03T11:46:14 OMST">
  <testcase classname="com.bitm.OrangeHRMAutomation.Test.TestLogin" name="checkloginpagetitle" time="50.619"/>
  <testcase classname="com.bitm.OrangeHRMAutomation.Test.TestLogin" name="logintest" time="3.177"/>
</testsuite> <!-- Login Test -->
